<?xml version="1.0" encoding="UTF-8"?>
<testng-results ignored="0" total="1" passed="1" failed="0" skipped="0">
  <reporter-output>
  </reporter-output>
  <suite started-at="2021-12-09T15:17:47 IST" name="Default suite" finished-at="2021-12-09T15:17:47 IST" duration-ms="188">
    <groups>
    </groups>
    <test started-at="2021-12-09T15:17:47 IST" name="Default test" finished-at="2021-12-09T15:17:47 IST" duration-ms="188">
      <class name="SDETpractice.SampleTest">
        <test-method signature="test()[pri:0, instance:SDETpractice.SampleTest@3315d2d7]" started-at="2021-12-09T15:17:47 IST" name="test" finished-at="2021-12-09T15:17:47 IST" duration-ms="28" status="PASS">
          <reporter-output>
          </reporter-output>
        </test-method> <!-- test -->
      </class> <!-- SDETpractice.SampleTest -->
    </test> <!-- Default test -->
  </suite> <!-- Default suite -->
</testng-results>
